<?xml version='1.0' encoding='UTF-8'?>
<testsuite hostname="LAPTOP-OTQLARG9" name="br.unb.cic.epl.TestMult" tests="2" errors="0" failures="0" skipped="0" time="0.178">
                     <properties>
[...]
</properties>
                     <testcase classname="br.unb.cic.epl.TestMult" name="print())" time="0.031">
                                                 
                                               </testcase><testcase classname="br.unb.cic.epl.TestMult" name="eval()" time="0.147">
                                                 
                                               </testcase>
                     <system-out><![CDATA[]]></system-out>
                     <system-err><![CDATA[]]></system-err>
                   </testsuite>